node:internal/modules/cjs/loader:936
  throw err;
  ^

Error: Cannot find module 'mysql'
Require stack:
- /Users/catherinemeadows/Desktop/Senior_Design/Electri/startbootstrap-sb-admin/scripts/map.js
    at Function.Module._resolveFilename (node:internal/modules/cjs/loader:933:15)
    at Function.Module._load (node:internal/modules/cjs/loader:778:27)
    at Module.require (node:internal/modules/cjs/loader:999:19)
    at require (node:internal/modules/cjs/helpers:102:18)
    at Object.<anonymous> (/Users/catherinemeadows/Desktop/Senior_Design/Electri/startbootstrap-sb-admin/scripts/map.js:1:13)
    at Module._compile (node:internal/modules/cjs/loader:1095:14)
    at Object.Module._extensions..js (node:internal/modules/cjs/loader:1147:10)
    at Module.load (node:internal/modules/cjs/loader:975:32)
    at Function.Module._load (node:internal/modules/cjs/loader:822:12)
    at Function.executeUserEntryPoint [as runMain] (node:internal/modules/run_main:81:12) {
  code: 'MODULE_NOT_FOUND',
  requireStack: [
    '/Users/catherinemeadows/Desktop/Senior_Design/Electri/startbootstrap-sb-admin/scripts/map.js'
  ]
}

Node.js v17.0.1
node:internal/modules/cjs/loader:936
  throw err;
  ^

Error: Cannot find module 'mysql'
Require stack:
- /Users/catherinemeadows/Desktop/Senior_Design/Electri/startbootstrap-sb-admin/scripts/map.js
    at Function.Module._resolveFilename (node:internal/modules/cjs/loader:933:15)
    at Function.Module._load (node:internal/modules/cjs/loader:778:27)
    at Module.require (node:internal/modules/cjs/loader:999:19)
    at require (node:internal/modules/cjs/helpers:102:18)
    at Object.<anonymous> (/Users/catherinemeadows/Desktop/Senior_Design/Electri/startbootstrap-sb-admin/scripts/map.js:1:13)
    at Module._compile (node:internal/modules/cjs/loader:1095:14)
    at Object.Module._extensions..js (node:internal/modules/cjs/loader:1147:10)
    at Module.load (node:internal/modules/cjs/loader:975:32)
    at Function.Module._load (node:internal/modules/cjs/loader:822:12)
    at Function.executeUserEntryPoint [as runMain] (node:internal/modules/run_main:81:12) {
  code: 'MODULE_NOT_FOUND',
  requireStack: [
    '/Users/catherinemeadows/Desktop/Senior_Design/Electri/startbootstrap-sb-admin/scripts/map.js'
  ]
}

Node.js v17.0.1
node:internal/modules/cjs/loader:936
  throw err;
  ^

Error: Cannot find module 'mysql'
Require stack:
- /Users/catherinemeadows/Desktop/Senior_Design/Electri/startbootstrap-sb-admin/scripts/map.js
    at Function.Module._resolveFilename (node:internal/modules/cjs/loader:933:15)
    at Function.Module._load (node:internal/modules/cjs/loader:778:27)
    at Module.require (node:internal/modules/cjs/loader:999:19)
    at require (node:internal/modules/cjs/helpers:102:18)
    at Object.<anonymous> (/Users/catherinemeadows/Desktop/Senior_Design/Electri/startbootstrap-sb-admin/scripts/map.js:1:13)
    at Module._compile (node:internal/modules/cjs/loader:1095:14)
    at Object.Module._extensions..js (node:internal/modules/cjs/loader:1147:10)
    at Module.load (node:internal/modules/cjs/loader:975:32)
    at Function.Module._load (node:internal/modules/cjs/loader:822:12)
    at Function.executeUserEntryPoint [as runMain] (node:internal/modules/run_main:81:12) {
  code: 'MODULE_NOT_FOUND',
  requireStack: [
    '/Users/catherinemeadows/Desktop/Senior_Design/Electri/startbootstrap-sb-admin/scripts/map.js'
  ]
}

Node.js v17.0.1
node:internal/modules/cjs/loader:936
  throw err;
  ^

Error: Cannot find module 'mysql'
Require stack:
- /Users/catherinemeadows/Desktop/Senior_Design/Electri/startbootstrap-sb-admin/scripts/map.js
    at Function.Module._resolveFilename (node:internal/modules/cjs/loader:933:15)
    at Function.Module._load (node:internal/modules/cjs/loader:778:27)
    at Module.require (node:internal/modules/cjs/loader:999:19)
    at require (node:internal/modules/cjs/helpers:102:18)
    at Object.<anonymous> (/Users/catherinemeadows/Desktop/Senior_Design/Electri/startbootstrap-sb-admin/scripts/map.js:1:13)
    at Module._compile (node:internal/modules/cjs/loader:1095:14)
    at Object.Module._extensions..js (node:internal/modules/cjs/loader:1147:10)
    at Module.load (node:internal/modules/cjs/loader:975:32)
    at Function.Module._load (node:internal/modules/cjs/loader:822:12)
    at Function.executeUserEntryPoint [as runMain] (node:internal/modules/run_main:81:12) {
  code: 'MODULE_NOT_FOUND',
  requireStack: [
    '/Users/catherinemeadows/Desktop/Senior_Design/Electri/startbootstrap-sb-admin/scripts/map.js'
  ]
}

Node.js v17.0.1
node:internal/modules/cjs/loader:936
  throw err;
  ^

Error: Cannot find module 'mysql'
Require stack:
- /Users/catherinemeadows/Desktop/Senior_Design/Electri/startbootstrap-sb-admin/scripts/map.js
    at Function.Module._resolveFilename (node:internal/modules/cjs/loader:933:15)
    at Function.Module._load (node:internal/modules/cjs/loader:778:27)
    at Module.require (node:internal/modules/cjs/loader:999:19)
    at require (node:internal/modules/cjs/helpers:102:18)
    at Object.<anonymous> (/Users/catherinemeadows/Desktop/Senior_Design/Electri/startbootstrap-sb-admin/scripts/map.js:1:13)
    at Module._compile (node:internal/modules/cjs/loader:1095:14)
    at Object.Module._extensions..js (node:internal/modules/cjs/loader:1147:10)
    at Module.load (node:internal/modules/cjs/loader:975:32)
    at Function.Module._load (node:internal/modules/cjs/loader:822:12)
    at Function.executeUserEntryPoint [as runMain] (node:internal/modules/run_main:81:12) {
  code: 'MODULE_NOT_FOUND',
  requireStack: [
    '/Users/catherinemeadows/Desktop/Senior_Design/Electri/startbootstrap-sb-admin/scripts/map.js'
  ]
}

Node.js v17.0.1
node:internal/modules/cjs/loader:936
  throw err;
  ^

Error: Cannot find module 'mysql'
Require stack:
- /Users/catherinemeadows/Desktop/Senior_Design/Electri/startbootstrap-sb-admin/scripts/map.js
    at Function.Module._resolveFilename (node:internal/modules/cjs/loader:933:15)
    at Function.Module._load (node:internal/modules/cjs/loader:778:27)
    at Module.require (node:internal/modules/cjs/loader:999:19)
    at require (node:internal/modules/cjs/helpers:102:18)
    at Object.<anonymous> (/Users/catherinemeadows/Desktop/Senior_Design/Electri/startbootstrap-sb-admin/scripts/map.js:1:13)
    at Module._compile (node:internal/modules/cjs/loader:1095:14)
    at Object.Module._extensions..js (node:internal/modules/cjs/loader:1147:10)
    at Module.load (node:internal/modules/cjs/loader:975:32)
    at Function.Module._load (node:internal/modules/cjs/loader:822:12)
    at Function.executeUserEntryPoint [as runMain] (node:internal/modules/run_main:81:12) {
  code: 'MODULE_NOT_FOUND',
  requireStack: [
    '/Users/catherinemeadows/Desktop/Senior_Design/Electri/startbootstrap-sb-admin/scripts/map.js'
  ]
}

Node.js v17.0.1
node:internal/modules/cjs/loader:936
  throw err;
  ^

Error: Cannot find module 'mysql'
Require stack:
- /Users/catherinemeadows/Desktop/Senior_Design/Electri/startbootstrap-sb-admin/scripts/map.js
    at Function.Module._resolveFilename (node:internal/modules/cjs/loader:933:15)
    at Function.Module._load (node:internal/modules/cjs/loader:778:27)
    at Module.require (node:internal/modules/cjs/loader:999:19)
    at require (node:internal/modules/cjs/helpers:102:18)
    at Object.<anonymous> (/Users/catherinemeadows/Desktop/Senior_Design/Electri/startbootstrap-sb-admin/scripts/map.js:1:13)
    at Module._compile (node:internal/modules/cjs/loader:1095:14)
    at Object.Module._extensions..js (node:internal/modules/cjs/loader:1147:10)
    at Module.load (node:internal/modules/cjs/loader:975:32)
    at Function.Module._load (node:internal/modules/cjs/loader:822:12)
    at Function.executeUserEntryPoint [as runMain] (node:internal/modules/run_main:81:12) {
  code: 'MODULE_NOT_FOUND',
  requireStack: [
    '/Users/catherinemeadows/Desktop/Senior_Design/Electri/startbootstrap-sb-admin/scripts/map.js'
  ]
}

Node.js v17.0.1
node:internal/modules/cjs/loader:936
  throw err;
  ^

Error: Cannot find module 'mysql'
Require stack:
- /Users/catherinemeadows/Desktop/Senior_Design/Electri/startbootstrap-sb-admin/scripts/map.js
    at Function.Module._resolveFilename (node:internal/modules/cjs/loader:933:15)
    at Function.Module._load (node:internal/modules/cjs/loader:778:27)
    at Module.require (node:internal/modules/cjs/loader:999:19)
    at require (node:internal/modules/cjs/helpers:102:18)
    at Object.<anonymous> (/Users/catherinemeadows/Desktop/Senior_Design/Electri/startbootstrap-sb-admin/scripts/map.js:1:13)
    at Module._compile (node:internal/modules/cjs/loader:1095:14)
    at Object.Module._extensions..js (node:internal/modules/cjs/loader:1147:10)
    at Module.load (node:internal/modules/cjs/loader:975:32)
    at Function.Module._load (node:internal/modules/cjs/loader:822:12)
    at Function.executeUserEntryPoint [as runMain] (node:internal/modules/run_main:81:12) {
  code: 'MODULE_NOT_FOUND',
  requireStack: [
    '/Users/catherinemeadows/Desktop/Senior_Design/Electri/startbootstrap-sb-admin/scripts/map.js'
  ]
}

Node.js v17.0.1
node:internal/modules/cjs/loader:936
  throw err;
  ^

Error: Cannot find module 'mysql'
Require stack:
- /Users/catherinemeadows/Desktop/Senior_Design/Electri/startbootstrap-sb-admin/scripts/map.js
    at Function.Module._resolveFilename (node:internal/modules/cjs/loader:933:15)
    at Function.Module._load (node:internal/modules/cjs/loader:778:27)
    at Module.require (node:internal/modules/cjs/loader:999:19)
    at require (node:internal/modules/cjs/helpers:102:18)
    at Object.<anonymous> (/Users/catherinemeadows/Desktop/Senior_Design/Electri/startbootstrap-sb-admin/scripts/map.js:1:13)
    at Module._compile (node:internal/modules/cjs/loader:1095:14)
    at Object.Module._extensions..js (node:internal/modules/cjs/loader:1147:10)
    at Module.load (node:internal/modules/cjs/loader:975:32)
    at Function.Module._load (node:internal/modules/cjs/loader:822:12)
    at Function.executeUserEntryPoint [as runMain] (node:internal/modules/run_main:81:12) {
  code: 'MODULE_NOT_FOUND',
  requireStack: [
    '/Users/catherinemeadows/Desktop/Senior_Design/Electri/startbootstrap-sb-admin/scripts/map.js'
  ]
}

Node.js v17.0.1
node:internal/modules/cjs/loader:936
  throw err;
  ^

Error: Cannot find module 'mysql'
Require stack:
- /Users/catherinemeadows/Desktop/Senior_Design/Electri/startbootstrap-sb-admin/scripts/map.js
    at Function.Module._resolveFilename (node:internal/modules/cjs/loader:933:15)
    at Function.Module._load (node:internal/modules/cjs/loader:778:27)
    at Module.require (node:internal/modules/cjs/loader:999:19)
    at require (node:internal/modules/cjs/helpers:102:18)
    at Object.<anonymous> (/Users/catherinemeadows/Desktop/Senior_Design/Electri/startbootstrap-sb-admin/scripts/map.js:1:13)
    at Module._compile (node:internal/modules/cjs/loader:1095:14)
    at Object.Module._extensions..js (node:internal/modules/cjs/loader:1147:10)
    at Module.load (node:internal/modules/cjs/loader:975:32)
    at Function.Module._load (node:internal/modules/cjs/loader:822:12)
    at Function.executeUserEntryPoint [as runMain] (node:internal/modules/run_main:81:12) {
  code: 'MODULE_NOT_FOUND',
  requireStack: [
    '/Users/catherinemeadows/Desktop/Senior_Design/Electri/startbootstrap-sb-admin/scripts/map.js'
  ]
}

Node.js v17.0.1
node:internal/modules/cjs/loader:936
  throw err;
  ^

Error: Cannot find module 'mysql'
Require stack:
- /Users/catherinemeadows/Desktop/Senior_Design/Electri/startbootstrap-sb-admin/scripts/map.js
    at Function.Module._resolveFilename (node:internal/modules/cjs/loader:933:15)
    at Function.Module._load (node:internal/modules/cjs/loader:778:27)
    at Module.require (node:internal/modules/cjs/loader:999:19)
    at require (node:internal/modules/cjs/helpers:102:18)
    at Object.<anonymous> (/Users/catherinemeadows/Desktop/Senior_Design/Electri/startbootstrap-sb-admin/scripts/map.js:1:13)
    at Module._compile (node:internal/modules/cjs/loader:1095:14)
    at Object.Module._extensions..js (node:internal/modules/cjs/loader:1147:10)
    at Module.load (node:internal/modules/cjs/loader:975:32)
    at Function.Module._load (node:internal/modules/cjs/loader:822:12)
    at Function.executeUserEntryPoint [as runMain] (node:internal/modules/run_main:81:12) {
  code: 'MODULE_NOT_FOUND',
  requireStack: [
    '/Users/catherinemeadows/Desktop/Senior_Design/Electri/startbootstrap-sb-admin/scripts/map.js'
  ]
}

Node.js v17.0.1
node:internal/modules/cjs/loader:936
  throw err;
  ^

Error: Cannot find module 'mysql'
Require stack:
- /Users/catherinemeadows/Desktop/Senior_Design/Electri/startbootstrap-sb-admin/scripts/map.js
    at Function.Module._resolveFilename (node:internal/modules/cjs/loader:933:15)
    at Function.Module._load (node:internal/modules/cjs/loader:778:27)
    at Module.require (node:internal/modules/cjs/loader:999:19)
    at require (node:internal/modules/cjs/helpers:102:18)
    at Object.<anonymous> (/Users/catherinemeadows/Desktop/Senior_Design/Electri/startbootstrap-sb-admin/scripts/map.js:1:13)
    at Module._compile (node:internal/modules/cjs/loader:1095:14)
    at Object.Module._extensions..js (node:internal/modules/cjs/loader:1147:10)
    at Module.load (node:internal/modules/cjs/loader:975:32)
    at Function.Module._load (node:internal/modules/cjs/loader:822:12)
    at Function.executeUserEntryPoint [as runMain] (node:internal/modules/run_main:81:12) {
  code: 'MODULE_NOT_FOUND',
  requireStack: [
    '/Users/catherinemeadows/Desktop/Senior_Design/Electri/startbootstrap-sb-admin/scripts/map.js'
  ]
}

Node.js v17.0.1
node:internal/modules/cjs/loader:936
  throw err;
  ^

Error: Cannot find module 'mysql'
Require stack:
- /Users/catherinemeadows/Desktop/Senior_Design/Electri/startbootstrap-sb-admin/scripts/map.js
    at Function.Module._resolveFilename (node:internal/modules/cjs/loader:933:15)
    at Function.Module._load (node:internal/modules/cjs/loader:778:27)
    at Module.require (node:internal/modules/cjs/loader:999:19)
    at require (node:internal/modules/cjs/helpers:102:18)
    at Object.<anonymous> (/Users/catherinemeadows/Desktop/Senior_Design/Electri/startbootstrap-sb-admin/scripts/map.js:1:13)
    at Module._compile (node:internal/modules/cjs/loader:1095:14)
    at Object.Module._extensions..js (node:internal/modules/cjs/loader:1147:10)
    at Module.load (node:internal/modules/cjs/loader:975:32)
    at Function.Module._load (node:internal/modules/cjs/loader:822:12)
    at Function.executeUserEntryPoint [as runMain] (node:internal/modules/run_main:81:12) {
  code: 'MODULE_NOT_FOUND',
  requireStack: [
    '/Users/catherinemeadows/Desktop/Senior_Design/Electri/startbootstrap-sb-admin/scripts/map.js'
  ]
}

Node.js v17.0.1
node:internal/modules/cjs/loader:936
  throw err;
  ^

Error: Cannot find module 'mysql'
Require stack:
- /Users/catherinemeadows/Desktop/Senior_Design/Electri/startbootstrap-sb-admin/scripts/map.js
    at Function.Module._resolveFilename (node:internal/modules/cjs/loader:933:15)
    at Function.Module._load (node:internal/modules/cjs/loader:778:27)
    at Module.require (node:internal/modules/cjs/loader:999:19)
    at require (node:internal/modules/cjs/helpers:102:18)
    at Object.<anonymous> (/Users/catherinemeadows/Desktop/Senior_Design/Electri/startbootstrap-sb-admin/scripts/map.js:1:13)
    at Module._compile (node:internal/modules/cjs/loader:1095:14)
    at Object.Module._extensions..js (node:internal/modules/cjs/loader:1147:10)
    at Module.load (node:internal/modules/cjs/loader:975:32)
    at Function.Module._load (node:internal/modules/cjs/loader:822:12)
    at Function.executeUserEntryPoint [as runMain] (node:internal/modules/run_main:81:12) {
  code: 'MODULE_NOT_FOUND',
  requireStack: [
    '/Users/catherinemeadows/Desktop/Senior_Design/Electri/startbootstrap-sb-admin/scripts/map.js'
  ]
}

Node.js v17.0.1
node:internal/modules/cjs/loader:936
  throw err;
  ^

Error: Cannot find module 'mysql'
Require stack:
- /Users/catherinemeadows/Desktop/Senior_Design/Electri/startbootstrap-sb-admin/scripts/map.js
    at Function.Module._resolveFilename (node:internal/modules/cjs/loader:933:15)
    at Function.Module._load (node:internal/modules/cjs/loader:778:27)
    at Module.require (node:internal/modules/cjs/loader:999:19)
    at require (node:internal/modules/cjs/helpers:102:18)
    at Object.<anonymous> (/Users/catherinemeadows/Desktop/Senior_Design/Electri/startbootstrap-sb-admin/scripts/map.js:1:13)
    at Module._compile (node:internal/modules/cjs/loader:1095:14)
    at Object.Module._extensions..js (node:internal/modules/cjs/loader:1147:10)
    at Module.load (node:internal/modules/cjs/loader:975:32)
    at Function.Module._load (node:internal/modules/cjs/loader:822:12)
    at Function.executeUserEntryPoint [as runMain] (node:internal/modules/run_main:81:12) {
  code: 'MODULE_NOT_FOUND',
  requireStack: [
    '/Users/catherinemeadows/Desktop/Senior_Design/Electri/startbootstrap-sb-admin/scripts/map.js'
  ]
}

Node.js v17.0.1
node:internal/modules/cjs/loader:936
  throw err;
  ^

Error: Cannot find module 'mysql'
Require stack:
- /Users/catherinemeadows/Desktop/Senior_Design/Electri/startbootstrap-sb-admin/scripts/map.js
    at Function.Module._resolveFilename (node:internal/modules/cjs/loader:933:15)
    at Function.Module._load (node:internal/modules/cjs/loader:778:27)
    at Module.require (node:internal/modules/cjs/loader:999:19)
    at require (node:internal/modules/cjs/helpers:102:18)
    at Object.<anonymous> (/Users/catherinemeadows/Desktop/Senior_Design/Electri/startbootstrap-sb-admin/scripts/map.js:1:13)
    at Module._compile (node:internal/modules/cjs/loader:1095:14)
    at Object.Module._extensions..js (node:internal/modules/cjs/loader:1147:10)
    at Module.load (node:internal/modules/cjs/loader:975:32)
    at Function.Module._load (node:internal/modules/cjs/loader:822:12)
    at Function.executeUserEntryPoint [as runMain] (node:internal/modules/run_main:81:12) {
  code: 'MODULE_NOT_FOUND',
  requireStack: [
    '/Users/catherinemeadows/Desktop/Senior_Design/Electri/startbootstrap-sb-admin/scripts/map.js'
  ]
}

Node.js v17.0.1
node:internal/modules/cjs/loader:936
  throw err;
  ^

Error: Cannot find module 'mysql'
Require stack:
- /Users/catherinemeadows/Desktop/Senior_Design/Electri/startbootstrap-sb-admin/scripts/map.js
    at Function.Module._resolveFilename (node:internal/modules/cjs/loader:933:15)
    at Function.Module._load (node:internal/modules/cjs/loader:778:27)
    at Module.require (node:internal/modules/cjs/loader:999:19)
    at require (node:internal/modules/cjs/helpers:102:18)
    at Object.<anonymous> (/Users/catherinemeadows/Desktop/Senior_Design/Electri/startbootstrap-sb-admin/scripts/map.js:1:13)
    at Module._compile (node:internal/modules/cjs/loader:1095:14)
    at Object.Module._extensions..js (node:internal/modules/cjs/loader:1147:10)
    at Module.load (node:internal/modules/cjs/loader:975:32)
    at Function.Module._load (node:internal/modules/cjs/loader:822:12)
    at Function.executeUserEntryPoint [as runMain] (node:internal/modules/run_main:81:12) {
  code: 'MODULE_NOT_FOUND',
  requireStack: [
    '/Users/catherinemeadows/Desktop/Senior_Design/Electri/startbootstrap-sb-admin/scripts/map.js'
  ]
}

Node.js v17.0.1
node:internal/modules/cjs/loader:936
  throw err;
  ^

Error: Cannot find module 'mysql'
Require stack:
- /Users/catherinemeadows/Desktop/Senior_Design/Electri/startbootstrap-sb-admin/scripts/map.js
    at Function.Module._resolveFilename (node:internal/modules/cjs/loader:933:15)
    at Function.Module._load (node:internal/modules/cjs/loader:778:27)
    at Module.require (node:internal/modules/cjs/loader:999:19)
    at require (node:internal/modules/cjs/helpers:102:18)
    at Object.<anonymous> (/Users/catherinemeadows/Desktop/Senior_Design/Electri/startbootstrap-sb-admin/scripts/map.js:1:13)
    at Module._compile (node:internal/modules/cjs/loader:1095:14)
    at Object.Module._extensions..js (node:internal/modules/cjs/loader:1147:10)
    at Module.load (node:internal/modules/cjs/loader:975:32)
    at Function.Module._load (node:internal/modules/cjs/loader:822:12)
    at Function.executeUserEntryPoint [as runMain] (node:internal/modules/run_main:81:12) {
  code: 'MODULE_NOT_FOUND',
  requireStack: [
    '/Users/catherinemeadows/Desktop/Senior_Design/Electri/startbootstrap-sb-admin/scripts/map.js'
  ]
}

Node.js v17.0.1
node:internal/modules/cjs/loader:936
  throw err;
  ^

Error: Cannot find module 'mysql'
Require stack:
- /Users/catherinemeadows/Desktop/Senior_Design/Electri/startbootstrap-sb-admin/scripts/map.js
    at Function.Module._resolveFilename (node:internal/modules/cjs/loader:933:15)
    at Function.Module._load (node:internal/modules/cjs/loader:778:27)
    at Module.require (node:internal/modules/cjs/loader:999:19)
    at require (node:internal/modules/cjs/helpers:102:18)
    at Object.<anonymous> (/Users/catherinemeadows/Desktop/Senior_Design/Electri/startbootstrap-sb-admin/scripts/map.js:1:13)
    at Module._compile (node:internal/modules/cjs/loader:1095:14)
    at Object.Module._extensions..js (node:internal/modules/cjs/loader:1147:10)
    at Module.load (node:internal/modules/cjs/loader:975:32)
    at Function.Module._load (node:internal/modules/cjs/loader:822:12)
    at Function.executeUserEntryPoint [as runMain] (node:internal/modules/run_main:81:12) {
  code: 'MODULE_NOT_FOUND',
  requireStack: [
    '/Users/catherinemeadows/Desktop/Senior_Design/Electri/startbootstrap-sb-admin/scripts/map.js'
  ]
}

Node.js v17.0.1
